::1 - - [17/Apr/2021:14:45:13 +0000] "OPTIONS /bakers HTTP/1.1" 200 8 "http://localhost:3000/" "Mozilla/5.0 (X11; Linux x86_64) AppleWebKit/537.36 (KHTML, like Gecko) Chrome/89.0.4389.90 Safari/537.36"
::1 - - [17/Apr/2021:14:45:15 +0000] "GET /superpastries?page=1 HTTP/1.1" 304 - "http://localhost:3000/" "Mozilla/5.0 (X11; Linux x86_64) AppleWebKit/537.36 (KHTML, like Gecko) Chrome/89.0.4389.90 Safari/537.36"
::1 - - [17/Apr/2021:14:45:15 +0000] "GET /bakers HTTP/1.1" 304 - "http://localhost:3000/" "Mozilla/5.0 (X11; Linux x86_64) AppleWebKit/537.36 (KHTML, like Gecko) Chrome/89.0.4389.90 Safari/537.36"
::1 - - [19/Apr/2021:20:42:03 +0000] "GET /images/2021-04-18T21-34-08.084Z-chef3.jpg HTTP/1.1" 404 180 "http://localhost:3000/" "Mozilla/5.0 (X11; Linux x86_64) AppleWebKit/537.36 (KHTML, like Gecko) Chrome/89.0.4389.90 Safari/537.36"
::1 - - [19/Apr/2021:20:42:03 +0000] "GET /images/2021-04-18T21-27-33.816Z-chef2.jpg HTTP/1.1" 404 180 "http://localhost:3000/" "Mozilla/5.0 (X11; Linux x86_64) AppleWebKit/537.36 (KHTML, like Gecko) Chrome/89.0.4389.90 Safari/537.36"
::1 - - [19/Apr/2021:20:42:03 +0000] "GET /images/2021-04-18T21-37-37.083Z-bds-2.jpg HTTP/1.1" 404 180 "http://localhost:3000/" "Mozilla/5.0 (X11; Linux x86_64) AppleWebKit/537.36 (KHTML, like Gecko) Chrome/89.0.4389.90 Safari/537.36"
::1 - - [19/Apr/2021:20:42:03 +0000] "GET /images/2021-04-18T21-30-33.759Z-cookies-3.jpg HTTP/1.1" 404 184 "http://localhost:3000/" "Mozilla/5.0 (X11; Linux x86_64) AppleWebKit/537.36 (KHTML, like Gecko) Chrome/89.0.4389.90 Safari/537.36"
::1 - - [19/Apr/2021:20:42:03 +0000] "GET /images/2021-04-18T21-30-50.741Z-cookies-5.jpg HTTP/1.1" 404 184 "http://localhost:3000/" "Mozilla/5.0 (X11; Linux x86_64) AppleWebKit/537.36 (KHTML, like Gecko) Chrome/89.0.4389.90 Safari/537.36"
::1 - - [19/Apr/2021:20:42:03 +0000] "OPTIONS /bakers HTTP/1.1" 200 8 "http://localhost:3000/" "Mozilla/5.0 (X11; Linux x86_64) AppleWebKit/537.36 (KHTML, like Gecko) Chrome/89.0.4389.90 Safari/537.36"
::1 - - [19/Apr/2021:20:42:04 +0000] "GET /bakers HTTP/1.1" 200 - "http://localhost:3000/" "Mozilla/5.0 (X11; Linux x86_64) AppleWebKit/537.36 (KHTML, like Gecko) Chrome/89.0.4389.90 Safari/537.36"
::1 - - [19/Apr/2021:20:42:04 +0000] "GET /superpastries?page=1 HTTP/1.1" 200 - "http://localhost:3000/" "Mozilla/5.0 (X11; Linux x86_64) AppleWebKit/537.36 (KHTML, like Gecko) Chrome/89.0.4389.90 Safari/537.36"
::1 - - [19/Apr/2021:20:42:04 +0000] "GET /images/2021-04-18T21-35-42.683Z-weds-4.jpg HTTP/1.1" 404 181 "http://localhost:3000/" "Mozilla/5.0 (X11; Linux x86_64) AppleWebKit/537.36 (KHTML, like Gecko) Chrome/89.0.4389.90 Safari/537.36"
::1 - - [19/Apr/2021:20:42:04 +0000] "GET /images/2021-04-18T21-30-50.741Z-cookies-5.jpg HTTP/1.1" 404 184 "http://localhost:3000/" "Mozilla/5.0 (X11; Linux x86_64) AppleWebKit/537.36 (KHTML, like Gecko) Chrome/89.0.4389.90 Safari/537.36"
::1 - - [19/Apr/2021:20:42:04 +0000] "GET /images/2021-04-18T21-35-14.970Z-weds-2.jpg HTTP/1.1" 404 181 "http://localhost:3000/" "Mozilla/5.0 (X11; Linux x86_64) AppleWebKit/537.36 (KHTML, like Gecko) Chrome/89.0.4389.90 Safari/537.36"
::1 - - [19/Apr/2021:20:42:14 +0000] "OPTIONS /baker/login HTTP/1.1" 200 4 "http://localhost:3000/" "Mozilla/5.0 (X11; Linux x86_64) AppleWebKit/537.36 (KHTML, like Gecko) Chrome/89.0.4389.90 Safari/537.36"
::1 - - [19/Apr/2021:20:42:15 +0000] "POST /baker/login HTTP/1.1" 200 - "http://localhost:3000/" "Mozilla/5.0 (X11; Linux x86_64) AppleWebKit/537.36 (KHTML, like Gecko) Chrome/89.0.4389.90 Safari/537.36"
::1 - - [19/Apr/2021:20:42:15 +0000] "GET /images/2021-04-18T21-34-08.084Z-chef3.jpg HTTP/1.1" 404 180 "http://localhost:3000/" "Mozilla/5.0 (X11; Linux x86_64) AppleWebKit/537.36 (KHTML, like Gecko) Chrome/89.0.4389.90 Safari/537.36"
::1 - - [19/Apr/2021:20:42:15 +0000] "OPTIONS /allbakers HTTP/1.1" 200 8 "http://localhost:3000/" "Mozilla/5.0 (X11; Linux x86_64) AppleWebKit/537.36 (KHTML, like Gecko) Chrome/89.0.4389.90 Safari/537.36"
::1 - - [19/Apr/2021:20:42:15 +0000] "OPTIONS /allusers HTTP/1.1" 200 8 "http://localhost:3000/" "Mozilla/5.0 (X11; Linux x86_64) AppleWebKit/537.36 (KHTML, like Gecko) Chrome/89.0.4389.90 Safari/537.36"
::1 - {"alg" [19/Apr/2021:20:42:15 +0000] "GET /allusers HTTP/1.1" 200 - "http://localhost:3000/" "Mozilla/5.0 (X11; Linux x86_64) AppleWebKit/537.36 (KHTML, like Gecko) Chrome/89.0.4389.90 Safari/537.36"
::1 - {"alg" [19/Apr/2021:20:42:15 +0000] "GET /allbakers HTTP/1.1" 200 - "http://localhost:3000/" "Mozilla/5.0 (X11; Linux x86_64) AppleWebKit/537.36 (KHTML, like Gecko) Chrome/89.0.4389.90 Safari/537.36"
::1 - - [19/Apr/2021:20:42:16 +0000] "GET /images/2021-04-18T21-34-09.317Z-icons8-copyright-96.png HTTP/1.1" 404 194 "http://localhost:3000/" "Mozilla/5.0 (X11; Linux x86_64) AppleWebKit/537.36 (KHTML, like Gecko) Chrome/89.0.4389.90 Safari/537.36"
::1 - - [19/Apr/2021:20:42:16 +0000] "GET /images/2021-04-18T21-27-34.481Z-logo2.png HTTP/1.1" 404 180 "http://localhost:3000/" "Mozilla/5.0 (X11; Linux x86_64) AppleWebKit/537.36 (KHTML, like Gecko) Chrome/89.0.4389.90 Safari/537.36"
::1 - - [19/Apr/2021:20:42:22 +0000] "GET /images/2021-04-18T21-34-08.084Z-chef3.jpg HTTP/1.1" 404 180 "http://localhost:3000/" "Mozilla/5.0 (X11; Linux x86_64) AppleWebKit/537.36 (KHTML, like Gecko) Chrome/89.0.4389.90 Safari/537.36"
::1 - - [19/Apr/2021:20:42:22 +0000] "GET /images/2021-04-18T21-34-09.317Z-icons8-copyright-96.png HTTP/1.1" 404 194 "http://localhost:3000/" "Mozilla/5.0 (X11; Linux x86_64) AppleWebKit/537.36 (KHTML, like Gecko) Chrome/89.0.4389.90 Safari/537.36"
::1 - - [19/Apr/2021:20:42:52 +0000] "OPTIONS /baker/images/607b13ac7197ed0004c4c5dc HTTP/1.1" 200 3 "http://localhost:3000/" "Mozilla/5.0 (X11; Linux x86_64) AppleWebKit/537.36 (KHTML, like Gecko) Chrome/89.0.4389.90 Safari/537.36"
::1 - {"alg" [19/Apr/2021:20:42:53 +0000] "PUT /baker/images/607b13ac7197ed0004c4c5dc HTTP/1.1" 200 - "http://localhost:3000/" "Mozilla/5.0 (X11; Linux x86_64) AppleWebKit/537.36 (KHTML, like Gecko) Chrome/89.0.4389.90 Safari/537.36"
::1 - - [19/Apr/2021:20:42:53 +0000] "GET /images/2021-04-19T20-42-52.642Z-chef2.jpg HTTP/1.1" 200 168399 "http://localhost:3000/" "Mozilla/5.0 (X11; Linux x86_64) AppleWebKit/537.36 (KHTML, like Gecko) Chrome/89.0.4389.90 Safari/537.36"
::1 - - [19/Apr/2021:20:42:53 +0000] "GET /images/2021-04-19T20-42-52.647Z-logo2.png HTTP/1.1" 200 117862 "http://localhost:3000/" "Mozilla/5.0 (X11; Linux x86_64) AppleWebKit/537.36 (KHTML, like Gecko) Chrome/89.0.4389.90 Safari/537.36"
::1 - - [19/Apr/2021:20:43:00 +0000] "GET /undefined HTTP/1.1" 404 148 "http://localhost:3000/" "Mozilla/5.0 (X11; Linux x86_64) AppleWebKit/537.36 (KHTML, like Gecko) Chrome/89.0.4389.90 Safari/537.36"
::1 - - [19/Apr/2021:20:43:00 +0000] "GET /images/2021-04-18T21-38-21.931Z-vals-4.jpg HTTP/1.1" 404 181 "http://localhost:3000/" "Mozilla/5.0 (X11; Linux x86_64) AppleWebKit/537.36 (KHTML, like Gecko) Chrome/89.0.4389.90 Safari/537.36"
::1 - - [19/Apr/2021:20:43:00 +0000] "GET /images/2021-04-18T21-37-18.592Z-bds-3.jpg HTTP/1.1" 404 180 "http://localhost:3000/" "Mozilla/5.0 (X11; Linux x86_64) AppleWebKit/537.36 (KHTML, like Gecko) Chrome/89.0.4389.90 Safari/537.36"
::1 - - [19/Apr/2021:20:43:00 +0000] "GET /images/2021-04-18T21-37-37.083Z-bds-2.jpg HTTP/1.1" 404 180 "http://localhost:3000/" "Mozilla/5.0 (X11; Linux x86_64) AppleWebKit/537.36 (KHTML, like Gecko) Chrome/89.0.4389.90 Safari/537.36"
::1 - - [19/Apr/2021:20:43:00 +0000] "GET /images/2021-04-18T21-36-39.559Z-bds-1.jpg HTTP/1.1" 404 180 "http://localhost:3000/" "Mozilla/5.0 (X11; Linux x86_64) AppleWebKit/537.36 (KHTML, like Gecko) Chrome/89.0.4389.90 Safari/537.36"
::1 - - [19/Apr/2021:20:43:00 +0000] "GET /images/2021-04-18T21-36-19.441Z-bds-5.jpg HTTP/1.1" 404 180 "http://localhost:3000/" "Mozilla/5.0 (X11; Linux x86_64) AppleWebKit/537.36 (KHTML, like Gecko) Chrome/89.0.4389.90 Safari/537.36"
::1 - - [19/Apr/2021:20:43:00 +0000] "GET /images/2021-04-18T21-35-59.083Z-weds-5.jpg HTTP/1.1" 404 181 "http://localhost:3000/" "Mozilla/5.0 (X11; Linux x86_64) AppleWebKit/537.36 (KHTML, like Gecko) Chrome/89.0.4389.90 Safari/537.36"
::1 - - [19/Apr/2021:20:43:00 +0000] "GET /images/2021-04-18T21-35-42.683Z-weds-4.jpg HTTP/1.1" 404 181 "http://localhost:3000/" "Mozilla/5.0 (X11; Linux x86_64) AppleWebKit/537.36 (KHTML, like Gecko) Chrome/89.0.4389.90 Safari/537.36"
::1 - - [19/Apr/2021:20:43:00 +0000] "GET /images/2021-04-18T21-35-29.882Z-weds-3.jpg HTTP/1.1" 404 181 "http://localhost:3000/" "Mozilla/5.0 (X11; Linux x86_64) AppleWebKit/537.36 (KHTML, like Gecko) Chrome/89.0.4389.90 Safari/537.36"
::1 - - [19/Apr/2021:20:43:00 +0000] "GET /images/2021-04-18T21-35-14.970Z-weds-2.jpg HTTP/1.1" 404 181 "http://localhost:3000/" "Mozilla/5.0 (X11; Linux x86_64) AppleWebKit/537.36 (KHTML, like Gecko) Chrome/89.0.4389.90 Safari/537.36"
::1 - - [19/Apr/2021:20:43:00 +0000] "GET /images/2021-04-18T21-34-40.741Z-weds-1.jpg HTTP/1.1" 404 181 "http://localhost:3000/" "Mozilla/5.0 (X11; Linux x86_64) AppleWebKit/537.36 (KHTML, like Gecko) Chrome/89.0.4389.90 Safari/537.36"
::1 - - [19/Apr/2021:20:43:00 +0000] "GET /images/2021-04-18T21-30-50.741Z-cookies-5.jpg HTTP/1.1" 404 184 "http://localhost:3000/" "Mozilla/5.0 (X11; Linux x86_64) AppleWebKit/537.36 (KHTML, like Gecko) Chrome/89.0.4389.90 Safari/537.36"
::1 - - [19/Apr/2021:20:43:00 +0000] "GET /images/2021-04-18T21-30-33.759Z-cookies-3.jpg HTTP/1.1" 404 184 "http://localhost:3000/" "Mozilla/5.0 (X11; Linux x86_64) AppleWebKit/537.36 (KHTML, like Gecko) Chrome/89.0.4389.90 Safari/537.36"
::1 - - [19/Apr/2021:20:43:00 +0000] "GET /images/2021-04-18T21-30-15.819Z-cookies-4.jpg HTTP/1.1" 404 184 "http://localhost:3000/" "Mozilla/5.0 (X11; Linux x86_64) AppleWebKit/537.36 (KHTML, like Gecko) Chrome/89.0.4389.90 Safari/537.36"
::1 - - [19/Apr/2021:20:43:00 +0000] "GET /images/2021-04-18T21-29-58.417Z-cookies-2.jpg HTTP/1.1" 404 184 "http://localhost:3000/" "Mozilla/5.0 (X11; Linux x86_64) AppleWebKit/537.36 (KHTML, like Gecko) Chrome/89.0.4389.90 Safari/537.36"
::1 - - [19/Apr/2021:20:43:00 +0000] "GET /images/2021-04-18T21-29-41.418Z-cookies-1.jpg HTTP/1.1" 404 184 "http://localhost:3000/" "Mozilla/5.0 (X11; Linux x86_64) AppleWebKit/537.36 (KHTML, like Gecko) Chrome/89.0.4389.90 Safari/537.36"
::1 - - [19/Apr/2021:20:43:00 +0000] "GET /images/2021-04-18T21-29-23.499Z-don-5.jpg HTTP/1.1" 404 180 "http://localhost:3000/" "Mozilla/5.0 (X11; Linux x86_64) AppleWebKit/537.36 (KHTML, like Gecko) Chrome/89.0.4389.90 Safari/537.36"
::1 - - [19/Apr/2021:20:43:00 +0000] "GET /images/2021-04-18T21-29-05.718Z-don-4.jpg HTTP/1.1" 404 180 "http://localhost:3000/" "Mozilla/5.0 (X11; Linux x86_64) AppleWebKit/537.36 (KHTML, like Gecko) Chrome/89.0.4389.90 Safari/537.36"
::1 - - [19/Apr/2021:20:43:00 +0000] "GET /images/2021-04-18T21-28-45.098Z-don-3.jpg HTTP/1.1" 404 180 "http://localhost:3000/" "Mozilla/5.0 (X11; Linux x86_64) AppleWebKit/537.36 (KHTML, like Gecko) Chrome/89.0.4389.90 Safari/537.36"
::1 - - [19/Apr/2021:20:43:00 +0000] "GET /images/2021-04-18T21-28-27.497Z-don-2.jpg HTTP/1.1" 404 180 "http://localhost:3000/" "Mozilla/5.0 (X11; Linux x86_64) AppleWebKit/537.36 (KHTML, like Gecko) Chrome/89.0.4389.90 Safari/537.36"
::1 - - [19/Apr/2021:20:43:00 +0000] "GET /images/2021-04-18T21-28-06.179Z-don-1.jpg HTTP/1.1" 404 180 "http://localhost:3000/" "Mozilla/5.0 (X11; Linux x86_64) AppleWebKit/537.36 (KHTML, like Gecko) Chrome/89.0.4389.90 Safari/537.36"
::1 - - [19/Apr/2021:20:43:01 +0000] "GET /bakerpastries/607b13ac7197ed0004c4c5dc?page=1 HTTP/1.1" 200 - "http://localhost:3000/" "Mozilla/5.0 (X11; Linux x86_64) AppleWebKit/537.36 (KHTML, like Gecko) Chrome/89.0.4389.90 Safari/537.36"
::1 - - [19/Apr/2021:20:43:01 +0000] "GET /images/2021-04-18T21-34-40.741Z-weds-1.jpg HTTP/1.1" 404 181 "http://localhost:3000/" "Mozilla/5.0 (X11; Linux x86_64) AppleWebKit/537.36 (KHTML, like Gecko) Chrome/89.0.4389.90 Safari/537.36"
::1 - - [19/Apr/2021:20:43:01 +0000] "GET /images/2021-04-18T21-35-14.970Z-weds-2.jpg HTTP/1.1" 404 181 "http://localhost:3000/" "Mozilla/5.0 (X11; Linux x86_64) AppleWebKit/537.36 (KHTML, like Gecko) Chrome/89.0.4389.90 Safari/537.36"
::1 - - [19/Apr/2021:20:43:01 +0000] "GET /images/2021-04-18T21-35-29.882Z-weds-3.jpg HTTP/1.1" 404 181 "http://localhost:3000/" "Mozilla/5.0 (X11; Linux x86_64) AppleWebKit/537.36 (KHTML, like Gecko) Chrome/89.0.4389.90 Safari/537.36"
::1 - - [19/Apr/2021:20:43:01 +0000] "GET /images/2021-04-18T21-35-42.683Z-weds-4.jpg HTTP/1.1" 404 181 "http://localhost:3000/" "Mozilla/5.0 (X11; Linux x86_64) AppleWebKit/537.36 (KHTML, like Gecko) Chrome/89.0.4389.90 Safari/537.36"
::1 - - [19/Apr/2021:20:43:01 +0000] "GET /images/2021-04-18T21-35-59.083Z-weds-5.jpg HTTP/1.1" 404 181 "http://localhost:3000/" "Mozilla/5.0 (X11; Linux x86_64) AppleWebKit/537.36 (KHTML, like Gecko) Chrome/89.0.4389.90 Safari/537.36"
::1 - - [19/Apr/2021:20:43:01 +0000] "GET /images/2021-04-18T21-36-19.441Z-bds-5.jpg HTTP/1.1" 404 180 "http://localhost:3000/" "Mozilla/5.0 (X11; Linux x86_64) AppleWebKit/537.36 (KHTML, like Gecko) Chrome/89.0.4389.90 Safari/537.36"
::1 - - [19/Apr/2021:20:43:01 +0000] "GET /images/2021-04-18T21-36-39.559Z-bds-1.jpg HTTP/1.1" 404 180 "http://localhost:3000/" "Mozilla/5.0 (X11; Linux x86_64) AppleWebKit/537.36 (KHTML, like Gecko) Chrome/89.0.4389.90 Safari/537.36"
::1 - - [19/Apr/2021:20:43:01 +0000] "GET /images/2021-04-18T21-37-37.083Z-bds-2.jpg HTTP/1.1" 404 180 "http://localhost:3000/" "Mozilla/5.0 (X11; Linux x86_64) AppleWebKit/537.36 (KHTML, like Gecko) Chrome/89.0.4389.90 Safari/537.36"
::1 - - [19/Apr/2021:20:43:01 +0000] "GET /images/2021-04-18T21-37-18.592Z-bds-3.jpg HTTP/1.1" 404 180 "http://localhost:3000/" "Mozilla/5.0 (X11; Linux x86_64) AppleWebKit/537.36 (KHTML, like Gecko) Chrome/89.0.4389.90 Safari/537.36"
::1 - - [19/Apr/2021:20:43:01 +0000] "GET /images/2021-04-18T21-38-21.931Z-vals-4.jpg HTTP/1.1" 404 181 "http://localhost:3000/" "Mozilla/5.0 (X11; Linux x86_64) AppleWebKit/537.36 (KHTML, like Gecko) Chrome/89.0.4389.90 Safari/537.36"
::1 - - [19/Apr/2021:20:43:03 +0000] "GET /images/2021-04-18T21-34-40.741Z-weds-1.jpg HTTP/1.1" 404 181 "http://localhost:3000/" "Mozilla/5.0 (X11; Linux x86_64) AppleWebKit/537.36 (KHTML, like Gecko) Chrome/89.0.4389.90 Safari/537.36"
::1 - - [19/Apr/2021:20:43:07 +0000] "GET /bakerpastries/607b13ac7197ed0004c4c5dc?page=1 HTTP/1.1" 304 - "http://localhost:3000/" "Mozilla/5.0 (X11; Linux x86_64) AppleWebKit/537.36 (KHTML, like Gecko) Chrome/89.0.4389.90 Safari/537.36"
::1 - - [19/Apr/2021:20:43:29 +0000] "OPTIONS /pastry/edit/607b24f98792c3000491c594 HTTP/1.1" 200 3 "http://localhost:3000/" "Mozilla/5.0 (X11; Linux x86_64) AppleWebKit/537.36 (KHTML, like Gecko) Chrome/89.0.4389.90 Safari/537.36"
::1 - - [19/Apr/2021:20:43:29 +0000] "PUT /pastry/edit/607b24f98792c3000491c594 HTTP/1.1" 201 407 "http://localhost:3000/" "Mozilla/5.0 (X11; Linux x86_64) AppleWebKit/537.36 (KHTML, like Gecko) Chrome/89.0.4389.90 Safari/537.36"
::1 - - [19/Apr/2021:20:43:33 +0000] "GET /bakerpastries/607b13ac7197ed0004c4c5dc?page=1 HTTP/1.1" 200 - "http://localhost:3000/" "Mozilla/5.0 (X11; Linux x86_64) AppleWebKit/537.36 (KHTML, like Gecko) Chrome/89.0.4389.90 Safari/537.36"
::1 - - [19/Apr/2021:20:43:33 +0000] "GET /images/2021-04-19T20-43-29.269Z-weds-1.jpg HTTP/1.1" 200 190689 "http://localhost:3000/" "Mozilla/5.0 (X11; Linux x86_64) AppleWebKit/537.36 (KHTML, like Gecko) Chrome/89.0.4389.90 Safari/537.36"
::1 - - [19/Apr/2021:20:43:51 +0000] "GET /images/2021-04-18T21-35-14.970Z-weds-2.jpg HTTP/1.1" 404 181 "http://localhost:3000/" "Mozilla/5.0 (X11; Linux x86_64) AppleWebKit/537.36 (KHTML, like Gecko) Chrome/89.0.4389.90 Safari/537.36"
::1 - - [19/Apr/2021:20:43:54 +0000] "GET /bakerpastries/607b13ac7197ed0004c4c5dc?page=1 HTTP/1.1" 304 - "http://localhost:3000/" "Mozilla/5.0 (X11; Linux x86_64) AppleWebKit/537.36 (KHTML, like Gecko) Chrome/89.0.4389.90 Safari/537.36"
::1 - - [19/Apr/2021:20:45:09 +0000] "OPTIONS /pastry/edit/607b24ae8792c3000491c593 HTTP/1.1" 200 3 "http://localhost:3000/" "Mozilla/5.0 (X11; Linux x86_64) AppleWebKit/537.36 (KHTML, like Gecko) Chrome/89.0.4389.90 Safari/537.36"
::1 - - [19/Apr/2021:20:45:09 +0000] "PUT /pastry/edit/607b24ae8792c3000491c593 HTTP/1.1" 201 408 "http://localhost:3000/" "Mozilla/5.0 (X11; Linux x86_64) AppleWebKit/537.36 (KHTML, like Gecko) Chrome/89.0.4389.90 Safari/537.36"
::1 - - [19/Apr/2021:20:45:13 +0000] "GET /bakerpastries/607b13ac7197ed0004c4c5dc?page=1 HTTP/1.1" 200 - "http://localhost:3000/" "Mozilla/5.0 (X11; Linux x86_64) AppleWebKit/537.36 (KHTML, like Gecko) Chrome/89.0.4389.90 Safari/537.36"
::1 - - [19/Apr/2021:20:45:13 +0000] "GET /images/2021-04-19T20-45-09.383Z-weds-2.jpg HTTP/1.1" 200 104741 "http://localhost:3000/" "Mozilla/5.0 (X11; Linux x86_64) AppleWebKit/537.36 (KHTML, like Gecko) Chrome/89.0.4389.90 Safari/537.36"
::1 - - [19/Apr/2021:20:45:16 +0000] "GET /images/2021-04-18T21-35-29.882Z-weds-3.jpg HTTP/1.1" 404 181 "http://localhost:3000/" "Mozilla/5.0 (X11; Linux x86_64) AppleWebKit/537.36 (KHTML, like Gecko) Chrome/89.0.4389.90 Safari/537.36"
::1 - - [19/Apr/2021:20:45:19 +0000] "GET /bakerpastries/607b13ac7197ed0004c4c5dc?page=1 HTTP/1.1" 304 - "http://localhost:3000/" "Mozilla/5.0 (X11; Linux x86_64) AppleWebKit/537.36 (KHTML, like Gecko) Chrome/89.0.4389.90 Safari/537.36"
::1 - - [19/Apr/2021:20:45:27 +0000] "OPTIONS /pastry/edit/607b244f8792c3000491c592 HTTP/1.1" 200 3 "http://localhost:3000/" "Mozilla/5.0 (X11; Linux x86_64) AppleWebKit/537.36 (KHTML, like Gecko) Chrome/89.0.4389.90 Safari/537.36"
::1 - - [19/Apr/2021:20:45:27 +0000] "PUT /pastry/edit/607b244f8792c3000491c592 HTTP/1.1" 201 409 "http://localhost:3000/" "Mozilla/5.0 (X11; Linux x86_64) AppleWebKit/537.36 (KHTML, like Gecko) Chrome/89.0.4389.90 Safari/537.36"
::1 - - [19/Apr/2021:20:45:31 +0000] "GET /bakerpastries/607b13ac7197ed0004c4c5dc?page=1 HTTP/1.1" 200 - "http://localhost:3000/" "Mozilla/5.0 (X11; Linux x86_64) AppleWebKit/537.36 (KHTML, like Gecko) Chrome/89.0.4389.90 Safari/537.36"
::1 - - [19/Apr/2021:20:45:31 +0000] "GET /images/2021-04-19T20-45-27.293Z-weds-3.jpg HTTP/1.1" 200 86706 "http://localhost:3000/" "Mozilla/5.0 (X11; Linux x86_64) AppleWebKit/537.36 (KHTML, like Gecko) Chrome/89.0.4389.90 Safari/537.36"
::1 - - [19/Apr/2021:21:42:07 +0000] "OPTIONS /bakers HTTP/1.1" 200 8 "http://localhost:3000/" "Mozilla/5.0 (X11; Linux x86_64) AppleWebKit/537.36 (KHTML, like Gecko) Chrome/89.0.4389.90 Safari/537.36"
::1 - - [19/Apr/2021:21:42:09 +0000] "GET /bakers HTTP/1.1" 200 - "http://localhost:3000/" "Mozilla/5.0 (X11; Linux x86_64) AppleWebKit/537.36 (KHTML, like Gecko) Chrome/89.0.4389.90 Safari/537.36"
::1 - - [19/Apr/2021:21:42:09 +0000] "GET /images/2021-04-18T21-27-33.816Z-chef2.jpg HTTP/1.1" 404 180 "http://localhost:3000/" "Mozilla/5.0 (X11; Linux x86_64) AppleWebKit/537.36 (KHTML, like Gecko) Chrome/89.0.4389.90 Safari/537.36"
::1 - - [19/Apr/2021:21:42:09 +0000] "GET /images/2021-04-19T20-42-52.642Z-chef2.jpg HTTP/1.1" 304 - "http://localhost:3000/" "Mozilla/5.0 (X11; Linux x86_64) AppleWebKit/537.36 (KHTML, like Gecko) Chrome/89.0.4389.90 Safari/537.36"
::1 - - [19/Apr/2021:21:42:09 +0000] "GET /superpastries?page=1 HTTP/1.1" 200 - "http://localhost:3000/" "Mozilla/5.0 (X11; Linux x86_64) AppleWebKit/537.36 (KHTML, like Gecko) Chrome/89.0.4389.90 Safari/537.36"
::1 - - [19/Apr/2021:21:42:09 +0000] "GET /images/2021-04-18T21-30-50.741Z-cookies-5.jpg HTTP/1.1" 404 184 "http://localhost:3000/" "Mozilla/5.0 (X11; Linux x86_64) AppleWebKit/537.36 (KHTML, like Gecko) Chrome/89.0.4389.90 Safari/537.36"
::1 - - [19/Apr/2021:21:42:09 +0000] "GET /images/2021-04-19T20-45-09.383Z-weds-2.jpg HTTP/1.1" 304 - "http://localhost:3000/" "Mozilla/5.0 (X11; Linux x86_64) AppleWebKit/537.36 (KHTML, like Gecko) Chrome/89.0.4389.90 Safari/537.36"
::1 - - [19/Apr/2021:21:42:09 +0000] "GET /images/2021-04-19T20-45-27.293Z-weds-3.jpg HTTP/1.1" 304 - "http://localhost:3000/" "Mozilla/5.0 (X11; Linux x86_64) AppleWebKit/537.36 (KHTML, like Gecko) Chrome/89.0.4389.90 Safari/537.36"
::1 - - [19/Apr/2021:21:43:33 +0000] "OPTIONS /bakers HTTP/1.1" 200 8 "http://localhost:3000/" "Mozilla/5.0 (X11; Linux x86_64) AppleWebKit/537.36 (KHTML, like Gecko) Chrome/89.0.4389.90 Safari/537.36"
::1 - - [19/Apr/2021:21:43:34 +0000] "GET /bakers HTTP/1.1" 304 - "http://localhost:3000/" "Mozilla/5.0 (X11; Linux x86_64) AppleWebKit/537.36 (KHTML, like Gecko) Chrome/89.0.4389.90 Safari/537.36"
::1 - - [19/Apr/2021:21:43:34 +0000] "GET /images/2021-04-19T20-42-52.642Z-chef2.jpg HTTP/1.1" 304 - "http://localhost:3000/" "Mozilla/5.0 (X11; Linux x86_64) AppleWebKit/537.36 (KHTML, like Gecko) Chrome/89.0.4389.90 Safari/537.36"
::1 - - [19/Apr/2021:21:43:34 +0000] "GET /images/2021-04-18T21-27-33.816Z-chef2.jpg HTTP/1.1" 404 180 "http://localhost:3000/" "Mozilla/5.0 (X11; Linux x86_64) AppleWebKit/537.36 (KHTML, like Gecko) Chrome/89.0.4389.90 Safari/537.36"
::1 - - [19/Apr/2021:21:43:34 +0000] "GET /superpastries?page=1 HTTP/1.1" 304 - "http://localhost:3000/" "Mozilla/5.0 (X11; Linux x86_64) AppleWebKit/537.36 (KHTML, like Gecko) Chrome/89.0.4389.90 Safari/537.36"
::1 - - [19/Apr/2021:21:43:34 +0000] "GET /images/2021-04-18T21-30-15.819Z-cookies-4.jpg HTTP/1.1" 404 184 "http://localhost:3000/" "Mozilla/5.0 (X11; Linux x86_64) AppleWebKit/537.36 (KHTML, like Gecko) Chrome/89.0.4389.90 Safari/537.36"
::1 - - [19/Apr/2021:21:43:34 +0000] "GET /images/2021-04-18T21-36-19.441Z-bds-5.jpg HTTP/1.1" 404 180 "http://localhost:3000/" "Mozilla/5.0 (X11; Linux x86_64) AppleWebKit/537.36 (KHTML, like Gecko) Chrome/89.0.4389.90 Safari/537.36"
::1 - - [19/Apr/2021:21:43:34 +0000] "GET /images/2021-04-18T21-35-42.683Z-weds-4.jpg HTTP/1.1" 404 181 "http://localhost:3000/" "Mozilla/5.0 (X11; Linux x86_64) AppleWebKit/537.36 (KHTML, like Gecko) Chrome/89.0.4389.90 Safari/537.36"
::1 - - [19/Apr/2021:21:43:49 +0000] "OPTIONS /baker/login HTTP/1.1" 200 4 "http://localhost:3000/" "Mozilla/5.0 (X11; Linux x86_64) AppleWebKit/537.36 (KHTML, like Gecko) Chrome/89.0.4389.90 Safari/537.36"
::1 - - [19/Apr/2021:21:43:50 +0000] "POST /baker/login HTTP/1.1" 200 - "http://localhost:3000/" "Mozilla/5.0 (X11; Linux x86_64) AppleWebKit/537.36 (KHTML, like Gecko) Chrome/89.0.4389.90 Safari/537.36"
::1 - - [19/Apr/2021:21:43:50 +0000] "OPTIONS /allbakers HTTP/1.1" 200 8 "http://localhost:3000/" "Mozilla/5.0 (X11; Linux x86_64) AppleWebKit/537.36 (KHTML, like Gecko) Chrome/89.0.4389.90 Safari/537.36"
::1 - - [19/Apr/2021:21:43:50 +0000] "OPTIONS /allusers HTTP/1.1" 200 8 "http://localhost:3000/" "Mozilla/5.0 (X11; Linux x86_64) AppleWebKit/537.36 (KHTML, like Gecko) Chrome/89.0.4389.90 Safari/537.36"
::1 - - [19/Apr/2021:21:43:50 +0000] "GET /allusers HTTP/1.1" 304 - "http://localhost:3000/" "Mozilla/5.0 (X11; Linux x86_64) AppleWebKit/537.36 (KHTML, like Gecko) Chrome/89.0.4389.90 Safari/537.36"
::1 - - [19/Apr/2021:21:43:50 +0000] "GET /allbakers HTTP/1.1" 200 - "http://localhost:3000/" "Mozilla/5.0 (X11; Linux x86_64) AppleWebKit/537.36 (KHTML, like Gecko) Chrome/89.0.4389.90 Safari/537.36"
::1 - - [19/Apr/2021:21:43:50 +0000] "GET /images/2021-04-18T21-27-34.481Z-logo2.png HTTP/1.1" 404 180 "http://localhost:3000/" "Mozilla/5.0 (X11; Linux x86_64) AppleWebKit/537.36 (KHTML, like Gecko) Chrome/89.0.4389.90 Safari/537.36"
::1 - - [19/Apr/2021:21:43:50 +0000] "GET /images/2021-04-19T20-42-52.647Z-logo2.png HTTP/1.1" 304 - "http://localhost:3000/" "Mozilla/5.0 (X11; Linux x86_64) AppleWebKit/537.36 (KHTML, like Gecko) Chrome/89.0.4389.90 Safari/537.36"
::1 - - [19/Apr/2021:21:43:56 +0000] "GET /undefined HTTP/1.1" 404 148 "http://localhost:3000/" "Mozilla/5.0 (X11; Linux x86_64) AppleWebKit/537.36 (KHTML, like Gecko) Chrome/89.0.4389.90 Safari/537.36"
::1 - - [19/Apr/2021:21:43:56 +0000] "GET /images/2021-04-18T21-38-21.931Z-vals-4.jpg HTTP/1.1" 404 181 "http://localhost:3000/" "Mozilla/5.0 (X11; Linux x86_64) AppleWebKit/537.36 (KHTML, like Gecko) Chrome/89.0.4389.90 Safari/537.36"
::1 - - [19/Apr/2021:21:43:56 +0000] "GET /images/2021-04-18T21-37-18.592Z-bds-3.jpg HTTP/1.1" 404 180 "http://localhost:3000/" "Mozilla/5.0 (X11; Linux x86_64) AppleWebKit/537.36 (KHTML, like Gecko) Chrome/89.0.4389.90 Safari/537.36"
::1 - - [19/Apr/2021:21:43:56 +0000] "GET /images/2021-04-18T21-37-37.083Z-bds-2.jpg HTTP/1.1" 404 180 "http://localhost:3000/" "Mozilla/5.0 (X11; Linux x86_64) AppleWebKit/537.36 (KHTML, like Gecko) Chrome/89.0.4389.90 Safari/537.36"
::1 - - [19/Apr/2021:21:43:56 +0000] "GET /images/2021-04-18T21-36-39.559Z-bds-1.jpg HTTP/1.1" 404 180 "http://localhost:3000/" "Mozilla/5.0 (X11; Linux x86_64) AppleWebKit/537.36 (KHTML, like Gecko) Chrome/89.0.4389.90 Safari/537.36"
::1 - - [19/Apr/2021:21:43:56 +0000] "GET /images/2021-04-18T21-36-19.441Z-bds-5.jpg HTTP/1.1" 404 180 "http://localhost:3000/" "Mozilla/5.0 (X11; Linux x86_64) AppleWebKit/537.36 (KHTML, like Gecko) Chrome/89.0.4389.90 Safari/537.36"
::1 - - [19/Apr/2021:21:43:56 +0000] "GET /images/2021-04-18T21-35-59.083Z-weds-5.jpg HTTP/1.1" 404 181 "http://localhost:3000/" "Mozilla/5.0 (X11; Linux x86_64) AppleWebKit/537.36 (KHTML, like Gecko) Chrome/89.0.4389.90 Safari/537.36"
::1 - - [19/Apr/2021:21:43:56 +0000] "GET /images/2021-04-18T21-35-42.683Z-weds-4.jpg HTTP/1.1" 404 181 "http://localhost:3000/" "Mozilla/5.0 (X11; Linux x86_64) AppleWebKit/537.36 (KHTML, like Gecko) Chrome/89.0.4389.90 Safari/537.36"
::1 - - [19/Apr/2021:21:43:56 +0000] "GET /images/2021-04-19T20-45-09.383Z-weds-2.jpg HTTP/1.1" 304 - "http://localhost:3000/" "Mozilla/5.0 (X11; Linux x86_64) AppleWebKit/537.36 (KHTML, like Gecko) Chrome/89.0.4389.90 Safari/537.36"
::1 - - [19/Apr/2021:21:43:56 +0000] "GET /images/2021-04-19T20-45-27.293Z-weds-3.jpg HTTP/1.1" 304 - "http://localhost:3000/" "Mozilla/5.0 (X11; Linux x86_64) AppleWebKit/537.36 (KHTML, like Gecko) Chrome/89.0.4389.90 Safari/537.36"
::1 - - [19/Apr/2021:21:43:56 +0000] "GET /images/2021-04-19T20-43-29.269Z-weds-1.jpg HTTP/1.1" 304 - "http://localhost:3000/" "Mozilla/5.0 (X11; Linux x86_64) AppleWebKit/537.36 (KHTML, like Gecko) Chrome/89.0.4389.90 Safari/537.36"
::1 - - [19/Apr/2021:21:43:56 +0000] "GET /images/2021-04-18T21-30-50.741Z-cookies-5.jpg HTTP/1.1" 404 184 "http://localhost:3000/" "Mozilla/5.0 (X11; Linux x86_64) AppleWebKit/537.36 (KHTML, like Gecko) Chrome/89.0.4389.90 Safari/537.36"
::1 - - [19/Apr/2021:21:43:56 +0000] "GET /images/2021-04-18T21-30-33.759Z-cookies-3.jpg HTTP/1.1" 404 184 "http://localhost:3000/" "Mozilla/5.0 (X11; Linux x86_64) AppleWebKit/537.36 (KHTML, like Gecko) Chrome/89.0.4389.90 Safari/537.36"
::1 - - [19/Apr/2021:21:43:56 +0000] "GET /images/2021-04-18T21-30-15.819Z-cookies-4.jpg HTTP/1.1" 404 184 "http://localhost:3000/" "Mozilla/5.0 (X11; Linux x86_64) AppleWebKit/537.36 (KHTML, like Gecko) Chrome/89.0.4389.90 Safari/537.36"
::1 - - [19/Apr/2021:21:43:56 +0000] "GET /images/2021-04-18T21-29-58.417Z-cookies-2.jpg HTTP/1.1" 404 184 "http://localhost:3000/" "Mozilla/5.0 (X11; Linux x86_64) AppleWebKit/537.36 (KHTML, like Gecko) Chrome/89.0.4389.90 Safari/537.36"
::1 - - [19/Apr/2021:21:43:56 +0000] "GET /images/2021-04-18T21-29-41.418Z-cookies-1.jpg HTTP/1.1" 404 184 "http://localhost:3000/" "Mozilla/5.0 (X11; Linux x86_64) AppleWebKit/537.36 (KHTML, like Gecko) Chrome/89.0.4389.90 Safari/537.36"
::1 - - [19/Apr/2021:21:43:56 +0000] "GET /images/2021-04-18T21-29-23.499Z-don-5.jpg HTTP/1.1" 404 180 "http://localhost:3000/" "Mozilla/5.0 (X11; Linux x86_64) AppleWebKit/537.36 (KHTML, like Gecko) Chrome/89.0.4389.90 Safari/537.36"
::1 - - [19/Apr/2021:21:43:56 +0000] "GET /images/2021-04-18T21-29-05.718Z-don-4.jpg HTTP/1.1" 404 180 "http://localhost:3000/" "Mozilla/5.0 (X11; Linux x86_64) AppleWebKit/537.36 (KHTML, like Gecko) Chrome/89.0.4389.90 Safari/537.36"
::1 - - [19/Apr/2021:21:43:56 +0000] "GET /images/2021-04-18T21-28-45.098Z-don-3.jpg HTTP/1.1" 404 180 "http://localhost:3000/" "Mozilla/5.0 (X11; Linux x86_64) AppleWebKit/537.36 (KHTML, like Gecko) Chrome/89.0.4389.90 Safari/537.36"
::1 - - [19/Apr/2021:21:43:56 +0000] "GET /images/2021-04-18T21-28-27.497Z-don-2.jpg HTTP/1.1" 404 180 "http://localhost:3000/" "Mozilla/5.0 (X11; Linux x86_64) AppleWebKit/537.36 (KHTML, like Gecko) Chrome/89.0.4389.90 Safari/537.36"
::1 - - [19/Apr/2021:21:43:56 +0000] "GET /images/2021-04-18T21-28-06.179Z-don-1.jpg HTTP/1.1" 404 180 "http://localhost:3000/" "Mozilla/5.0 (X11; Linux x86_64) AppleWebKit/537.36 (KHTML, like Gecko) Chrome/89.0.4389.90 Safari/537.36"
::1 - - [19/Apr/2021:21:43:56 +0000] "GET /bakerpastries/607b13ac7197ed0004c4c5dc?page=1 HTTP/1.1" 304 - "http://localhost:3000/" "Mozilla/5.0 (X11; Linux x86_64) AppleWebKit/537.36 (KHTML, like Gecko) Chrome/89.0.4389.90 Safari/537.36"
::1 - - [19/Apr/2021:21:43:56 +0000] "GET /images/2021-04-18T21-35-42.683Z-weds-4.jpg HTTP/1.1" 404 181 "http://localhost:3000/" "Mozilla/5.0 (X11; Linux x86_64) AppleWebKit/537.36 (KHTML, like Gecko) Chrome/89.0.4389.90 Safari/537.36"
::1 - - [19/Apr/2021:21:43:56 +0000] "GET /images/2021-04-18T21-35-59.083Z-weds-5.jpg HTTP/1.1" 404 181 "http://localhost:3000/" "Mozilla/5.0 (X11; Linux x86_64) AppleWebKit/537.36 (KHTML, like Gecko) Chrome/89.0.4389.90 Safari/537.36"
::1 - - [19/Apr/2021:21:43:56 +0000] "GET /images/2021-04-18T21-36-19.441Z-bds-5.jpg HTTP/1.1" 404 180 "http://localhost:3000/" "Mozilla/5.0 (X11; Linux x86_64) AppleWebKit/537.36 (KHTML, like Gecko) Chrome/89.0.4389.90 Safari/537.36"
::1 - - [19/Apr/2021:21:43:57 +0000] "GET /images/2021-04-18T21-36-39.559Z-bds-1.jpg HTTP/1.1" 404 180 "http://localhost:3000/" "Mozilla/5.0 (X11; Linux x86_64) AppleWebKit/537.36 (KHTML, like Gecko) Chrome/89.0.4389.90 Safari/537.36"
::1 - - [19/Apr/2021:21:43:57 +0000] "GET /images/2021-04-18T21-37-37.083Z-bds-2.jpg HTTP/1.1" 404 180 "http://localhost:3000/" "Mozilla/5.0 (X11; Linux x86_64) AppleWebKit/537.36 (KHTML, like Gecko) Chrome/89.0.4389.90 Safari/537.36"
::1 - - [19/Apr/2021:21:43:57 +0000] "GET /images/2021-04-18T21-37-18.592Z-bds-3.jpg HTTP/1.1" 404 180 "http://localhost:3000/" "Mozilla/5.0 (X11; Linux x86_64) AppleWebKit/537.36 (KHTML, like Gecko) Chrome/89.0.4389.90 Safari/537.36"
::1 - - [19/Apr/2021:21:43:57 +0000] "GET /images/2021-04-18T21-38-21.931Z-vals-4.jpg HTTP/1.1" 404 181 "http://localhost:3000/" "Mozilla/5.0 (X11; Linux x86_64) AppleWebKit/537.36 (KHTML, like Gecko) Chrome/89.0.4389.90 Safari/537.36"
::1 - - [19/Apr/2021:21:43:59 +0000] "GET /images/2021-04-18T21-35-42.683Z-weds-4.jpg HTTP/1.1" 404 181 "http://localhost:3000/" "Mozilla/5.0 (X11; Linux x86_64) AppleWebKit/537.36 (KHTML, like Gecko) Chrome/89.0.4389.90 Safari/537.36"
::1 - - [19/Apr/2021:21:44:03 +0000] "GET /bakerpastries/607b13ac7197ed0004c4c5dc?page=1 HTTP/1.1" 304 - "http://localhost:3000/" "Mozilla/5.0 (X11; Linux x86_64) AppleWebKit/537.36 (KHTML, like Gecko) Chrome/89.0.4389.90 Safari/537.36"
::1 - - [19/Apr/2021:21:44:16 +0000] "OPTIONS /pastry/edit/607b23e88792c3000491c591 HTTP/1.1" 200 3 "http://localhost:3000/" "Mozilla/5.0 (X11; Linux x86_64) AppleWebKit/537.36 (KHTML, like Gecko) Chrome/89.0.4389.90 Safari/537.36"
::1 - - [19/Apr/2021:21:44:20 +0000] "PUT /pastry/edit/607b23e88792c3000491c591 HTTP/1.1" 201 411 "http://localhost:3000/" "Mozilla/5.0 (X11; Linux x86_64) AppleWebKit/537.36 (KHTML, like Gecko) Chrome/89.0.4389.90 Safari/537.36"
::1 - - [19/Apr/2021:21:44:24 +0000] "GET /bakerpastries/607b13ac7197ed0004c4c5dc?page=1 HTTP/1.1" 200 - "http://localhost:3000/" "Mozilla/5.0 (X11; Linux x86_64) AppleWebKit/537.36 (KHTML, like Gecko) Chrome/89.0.4389.90 Safari/537.36"
::1 - - [19/Apr/2021:21:44:24 +0000] "GET /images/2021-04-19T21-44-16.486Z-weds-5.jpg HTTP/1.1" 200 166193 "http://localhost:3000/" "Mozilla/5.0 (X11; Linux x86_64) AppleWebKit/537.36 (KHTML, like Gecko) Chrome/89.0.4389.90 Safari/537.36"
::1 - - [19/Apr/2021:21:44:26 +0000] "GET /images/2021-04-18T21-35-59.083Z-weds-5.jpg HTTP/1.1" 404 181 "http://localhost:3000/" "Mozilla/5.0 (X11; Linux x86_64) AppleWebKit/537.36 (KHTML, like Gecko) Chrome/89.0.4389.90 Safari/537.36"
::1 - - [19/Apr/2021:21:44:29 +0000] "GET /bakerpastries/607b13ac7197ed0004c4c5dc?page=1 HTTP/1.1" 304 - "http://localhost:3000/" "Mozilla/5.0 (X11; Linux x86_64) AppleWebKit/537.36 (KHTML, like Gecko) Chrome/89.0.4389.90 Safari/537.36"
::1 - - [19/Apr/2021:21:44:39 +0000] "OPTIONS /pastry/edit/607b23968792c3000491c590 HTTP/1.1" 200 3 "http://localhost:3000/" "Mozilla/5.0 (X11; Linux x86_64) AppleWebKit/537.36 (KHTML, like Gecko) Chrome/89.0.4389.90 Safari/537.36"
::1 - - [19/Apr/2021:21:44:39 +0000] "PUT /pastry/edit/607b23968792c3000491c590 HTTP/1.1" 201 408 "http://localhost:3000/" "Mozilla/5.0 (X11; Linux x86_64) AppleWebKit/537.36 (KHTML, like Gecko) Chrome/89.0.4389.90 Safari/537.36"
::1 - - [19/Apr/2021:21:44:43 +0000] "GET /bakerpastries/607b13ac7197ed0004c4c5dc?page=1 HTTP/1.1" 200 - "http://localhost:3000/" "Mozilla/5.0 (X11; Linux x86_64) AppleWebKit/537.36 (KHTML, like Gecko) Chrome/89.0.4389.90 Safari/537.36"
::1 - - [19/Apr/2021:21:44:43 +0000] "GET /images/2021-04-19T21-44-39.106Z-weds-2.jpg HTTP/1.1" 200 104741 "http://localhost:3000/" "Mozilla/5.0 (X11; Linux x86_64) AppleWebKit/537.36 (KHTML, like Gecko) Chrome/89.0.4389.90 Safari/537.36"
::1 - - [19/Apr/2021:21:44:46 +0000] "GET /images/2021-04-18T21-36-19.441Z-bds-5.jpg HTTP/1.1" 404 180 "http://localhost:3000/" "Mozilla/5.0 (X11; Linux x86_64) AppleWebKit/537.36 (KHTML, like Gecko) Chrome/89.0.4389.90 Safari/537.36"
::1 - - [19/Apr/2021:21:44:48 +0000] "GET /bakerpastries/607b13ac7197ed0004c4c5dc?page=1 HTTP/1.1" 304 - "http://localhost:3000/" "Mozilla/5.0 (X11; Linux x86_64) AppleWebKit/537.36 (KHTML, like Gecko) Chrome/89.0.4389.90 Safari/537.36"
::1 - - [19/Apr/2021:21:44:56 +0000] "OPTIONS /pastry/edit/607b23428792c3000491c58f HTTP/1.1" 200 3 "http://localhost:3000/" "Mozilla/5.0 (X11; Linux x86_64) AppleWebKit/537.36 (KHTML, like Gecko) Chrome/89.0.4389.90 Safari/537.36"
::1 - - [19/Apr/2021:21:44:56 +0000] "PUT /pastry/edit/607b23428792c3000491c58f HTTP/1.1" 201 422 "http://localhost:3000/" "Mozilla/5.0 (X11; Linux x86_64) AppleWebKit/537.36 (KHTML, like Gecko) Chrome/89.0.4389.90 Safari/537.36"
::1 - - [19/Apr/2021:21:45:00 +0000] "GET /bakerpastries/607b13ac7197ed0004c4c5dc?page=1 HTTP/1.1" 200 - "http://localhost:3000/" "Mozilla/5.0 (X11; Linux x86_64) AppleWebKit/537.36 (KHTML, like Gecko) Chrome/89.0.4389.90 Safari/537.36"
::1 - - [19/Apr/2021:21:45:00 +0000] "GET /images/2021-04-19T21-44-56.088Z-bds-1.jpg HTTP/1.1" 200 294806 "http://localhost:3000/" "Mozilla/5.0 (X11; Linux x86_64) AppleWebKit/537.36 (KHTML, like Gecko) Chrome/89.0.4389.90 Safari/537.36"
::1 - - [19/Apr/2021:21:45:03 +0000] "GET /images/2021-04-18T21-36-39.559Z-bds-1.jpg HTTP/1.1" 404 180 "http://localhost:3000/" "Mozilla/5.0 (X11; Linux x86_64) AppleWebKit/537.36 (KHTML, like Gecko) Chrome/89.0.4389.90 Safari/537.36"
::1 - - [19/Apr/2021:21:45:06 +0000] "GET /bakerpastries/607b13ac7197ed0004c4c5dc?page=1 HTTP/1.1" 304 - "http://localhost:3000/" "Mozilla/5.0 (X11; Linux x86_64) AppleWebKit/537.36 (KHTML, like Gecko) Chrome/89.0.4389.90 Safari/537.36"
::1 - - [19/Apr/2021:21:45:10 +0000] "OPTIONS /pastry/edit/607b22ff8792c3000491c58e HTTP/1.1" 200 3 "http://localhost:3000/" "Mozilla/5.0 (X11; Linux x86_64) AppleWebKit/537.36 (KHTML, like Gecko) Chrome/89.0.4389.90 Safari/537.36"
::1 - - [19/Apr/2021:21:45:11 +0000] "PUT /pastry/edit/607b22ff8792c3000491c58e HTTP/1.1" 201 419 "http://localhost:3000/" "Mozilla/5.0 (X11; Linux x86_64) AppleWebKit/537.36 (KHTML, like Gecko) Chrome/89.0.4389.90 Safari/537.36"
::1 - - [19/Apr/2021:21:45:15 +0000] "GET /bakerpastries/607b13ac7197ed0004c4c5dc?page=1 HTTP/1.1" 200 - "http://localhost:3000/" "Mozilla/5.0 (X11; Linux x86_64) AppleWebKit/537.36 (KHTML, like Gecko) Chrome/89.0.4389.90 Safari/537.36"
::1 - - [19/Apr/2021:21:45:15 +0000] "GET /images/2021-04-19T21-45-10.890Z-bds-2.jpg HTTP/1.1" 200 307837 "http://localhost:3000/" "Mozilla/5.0 (X11; Linux x86_64) AppleWebKit/537.36 (KHTML, like Gecko) Chrome/89.0.4389.90 Safari/537.36"
::1 - - [19/Apr/2021:21:45:18 +0000] "GET /images/2021-04-18T21-37-37.083Z-bds-2.jpg HTTP/1.1" 404 180 "http://localhost:3000/" "Mozilla/5.0 (X11; Linux x86_64) AppleWebKit/537.36 (KHTML, like Gecko) Chrome/89.0.4389.90 Safari/537.36"
::1 - - [19/Apr/2021:21:45:20 +0000] "GET /bakerpastries/607b13ac7197ed0004c4c5dc?page=1 HTTP/1.1" 304 - "http://localhost:3000/" "Mozilla/5.0 (X11; Linux x86_64) AppleWebKit/537.36 (KHTML, like Gecko) Chrome/89.0.4389.90 Safari/537.36"
::1 - - [19/Apr/2021:21:45:27 +0000] "OPTIONS /pastry/edit/607b22d08792c3000491c58d HTTP/1.1" 200 3 "http://localhost:3000/" "Mozilla/5.0 (X11; Linux x86_64) AppleWebKit/537.36 (KHTML, like Gecko) Chrome/89.0.4389.90 Safari/537.36"
::1 - - [19/Apr/2021:21:45:28 +0000] "PUT /pastry/edit/607b22d08792c3000491c58d HTTP/1.1" 201 421 "http://localhost:3000/" "Mozilla/5.0 (X11; Linux x86_64) AppleWebKit/537.36 (KHTML, like Gecko) Chrome/89.0.4389.90 Safari/537.36"
::1 - - [19/Apr/2021:21:45:31 +0000] "GET /bakerpastries/607b13ac7197ed0004c4c5dc?page=1 HTTP/1.1" 200 - "http://localhost:3000/" "Mozilla/5.0 (X11; Linux x86_64) AppleWebKit/537.36 (KHTML, like Gecko) Chrome/89.0.4389.90 Safari/537.36"
::1 - - [19/Apr/2021:21:45:31 +0000] "GET /images/2021-04-19T21-45-27.374Z-bds-4.jpg HTTP/1.1" 200 164525 "http://localhost:3000/" "Mozilla/5.0 (X11; Linux x86_64) AppleWebKit/537.36 (KHTML, like Gecko) Chrome/89.0.4389.90 Safari/537.36"
::1 - - [19/Apr/2021:21:45:34 +0000] "GET /images/2021-04-18T21-37-18.592Z-bds-3.jpg HTTP/1.1" 404 180 "http://localhost:3000/" "Mozilla/5.0 (X11; Linux x86_64) AppleWebKit/537.36 (KHTML, like Gecko) Chrome/89.0.4389.90 Safari/537.36"
::1 - - [19/Apr/2021:21:45:36 +0000] "GET /bakerpastries/607b13ac7197ed0004c4c5dc?page=1 HTTP/1.1" 304 - "http://localhost:3000/" "Mozilla/5.0 (X11; Linux x86_64) AppleWebKit/537.36 (KHTML, like Gecko) Chrome/89.0.4389.90 Safari/537.36"
::1 - - [19/Apr/2021:21:45:42 +0000] "OPTIONS /pastry/edit/607b22a98792c3000491c58c HTTP/1.1" 200 3 "http://localhost:3000/" "Mozilla/5.0 (X11; Linux x86_64) AppleWebKit/537.36 (KHTML, like Gecko) Chrome/89.0.4389.90 Safari/537.36"
::1 - - [19/Apr/2021:21:45:42 +0000] "PUT /pastry/edit/607b22a98792c3000491c58c HTTP/1.1" 201 418 "http://localhost:3000/" "Mozilla/5.0 (X11; Linux x86_64) AppleWebKit/537.36 (KHTML, like Gecko) Chrome/89.0.4389.90 Safari/537.36"
::1 - - [19/Apr/2021:21:45:46 +0000] "GET /bakerpastries/607b13ac7197ed0004c4c5dc?page=1 HTTP/1.1" 200 - "http://localhost:3000/" "Mozilla/5.0 (X11; Linux x86_64) AppleWebKit/537.36 (KHTML, like Gecko) Chrome/89.0.4389.90 Safari/537.36"
::1 - - [19/Apr/2021:21:45:46 +0000] "GET /images/2021-04-19T21-45-42.192Z-bds-3.jpg HTTP/1.1" 200 204288 "http://localhost:3000/" "Mozilla/5.0 (X11; Linux x86_64) AppleWebKit/537.36 (KHTML, like Gecko) Chrome/89.0.4389.90 Safari/537.36"
::1 - - [19/Apr/2021:21:45:53 +0000] "GET /images/2021-04-18T21-38-21.931Z-vals-4.jpg HTTP/1.1" 404 181 "http://localhost:3000/" "Mozilla/5.0 (X11; Linux x86_64) AppleWebKit/537.36 (KHTML, like Gecko) Chrome/89.0.4389.90 Safari/537.36"
::1 - - [19/Apr/2021:21:45:56 +0000] "GET /bakerpastries/607b13ac7197ed0004c4c5dc?page=1 HTTP/1.1" 304 - "http://localhost:3000/" "Mozilla/5.0 (X11; Linux x86_64) AppleWebKit/537.36 (KHTML, like Gecko) Chrome/89.0.4389.90 Safari/537.36"
::1 - - [19/Apr/2021:21:46:02 +0000] "OPTIONS /pastry/edit/607b20418792c3000491c58b HTTP/1.1" 200 3 "http://localhost:3000/" "Mozilla/5.0 (X11; Linux x86_64) AppleWebKit/537.36 (KHTML, like Gecko) Chrome/89.0.4389.90 Safari/537.36"
::1 - - [19/Apr/2021:21:46:03 +0000] "PUT /pastry/edit/607b20418792c3000491c58b HTTP/1.1" 201 419 "http://localhost:3000/" "Mozilla/5.0 (X11; Linux x86_64) AppleWebKit/537.36 (KHTML, like Gecko) Chrome/89.0.4389.90 Safari/537.36"
::1 - - [19/Apr/2021:21:46:07 +0000] "GET /bakerpastries/607b13ac7197ed0004c4c5dc?page=1 HTTP/1.1" 200 - "http://localhost:3000/" "Mozilla/5.0 (X11; Linux x86_64) AppleWebKit/537.36 (KHTML, like Gecko) Chrome/89.0.4389.90 Safari/537.36"
::1 - - [19/Apr/2021:21:46:07 +0000] "GET /images/2021-04-19T21-46-03.004Z-bds-5.jpg HTTP/1.1" 200 116976 "http://localhost:3000/" "Mozilla/5.0 (X11; Linux x86_64) AppleWebKit/537.36 (KHTML, like Gecko) Chrome/89.0.4389.90 Safari/537.36"
::1 - - [19/Apr/2021:21:46:13 +0000] "GET /images/2021-04-19T20-42-52.647Z-logo2.png HTTP/1.1" 304 - "http://localhost:3000/" "Mozilla/5.0 (X11; Linux x86_64) AppleWebKit/537.36 (KHTML, like Gecko) Chrome/89.0.4389.90 Safari/537.36"
::1 - - [19/Apr/2021:21:46:17 +0000] "OPTIONS /bakers HTTP/1.1" 200 8 "http://localhost:3000/" "Mozilla/5.0 (X11; Linux x86_64) AppleWebKit/537.36 (KHTML, like Gecko) Chrome/89.0.4389.90 Safari/537.36"
::1 - - [19/Apr/2021:21:46:18 +0000] "GET /bakers HTTP/1.1" 304 - "http://localhost:3000/" "Mozilla/5.0 (X11; Linux x86_64) AppleWebKit/537.36 (KHTML, like Gecko) Chrome/89.0.4389.90 Safari/537.36"
::1 - - [19/Apr/2021:21:46:18 +0000] "GET /images/2021-04-18T21-27-33.816Z-chef2.jpg HTTP/1.1" 404 180 "http://localhost:3000/" "Mozilla/5.0 (X11; Linux x86_64) AppleWebKit/537.36 (KHTML, like Gecko) Chrome/89.0.4389.90 Safari/537.36"
::1 - - [19/Apr/2021:21:46:18 +0000] "GET /superpastries?page=1 HTTP/1.1" 200 - "http://localhost:3000/" "Mozilla/5.0 (X11; Linux x86_64) AppleWebKit/537.36 (KHTML, like Gecko) Chrome/89.0.4389.90 Safari/537.36"
::1 - - [19/Apr/2021:21:46:18 +0000] "GET /images/2021-04-18T21-28-27.497Z-don-2.jpg HTTP/1.1" 404 180 "http://localhost:3000/" "Mozilla/5.0 (X11; Linux x86_64) AppleWebKit/537.36 (KHTML, like Gecko) Chrome/89.0.4389.90 Safari/537.36"
::1 - - [19/Apr/2021:21:46:35 +0000] "OPTIONS /baker/login HTTP/1.1" 200 4 "http://localhost:3000/" "Mozilla/5.0 (X11; Linux x86_64) AppleWebKit/537.36 (KHTML, like Gecko) Chrome/89.0.4389.90 Safari/537.36"
::1 - - [19/Apr/2021:21:46:36 +0000] "POST /baker/login HTTP/1.1" 200 - "http://localhost:3000/" "Mozilla/5.0 (X11; Linux x86_64) AppleWebKit/537.36 (KHTML, like Gecko) Chrome/89.0.4389.90 Safari/537.36"
::1 - - [19/Apr/2021:21:46:36 +0000] "GET /images/2021-04-18T21-27-33.816Z-chef2.jpg HTTP/1.1" 404 180 "http://localhost:3000/" "Mozilla/5.0 (X11; Linux x86_64) AppleWebKit/537.36 (KHTML, like Gecko) Chrome/89.0.4389.90 Safari/537.36"
::1 - - [19/Apr/2021:21:46:36 +0000] "OPTIONS /allbakers HTTP/1.1" 200 8 "http://localhost:3000/" "Mozilla/5.0 (X11; Linux x86_64) AppleWebKit/537.36 (KHTML, like Gecko) Chrome/89.0.4389.90 Safari/537.36"
::1 - - [19/Apr/2021:21:46:36 +0000] "OPTIONS /allusers HTTP/1.1" 200 8 "http://localhost:3000/" "Mozilla/5.0 (X11; Linux x86_64) AppleWebKit/537.36 (KHTML, like Gecko) Chrome/89.0.4389.90 Safari/537.36"
::1 - - [19/Apr/2021:21:46:37 +0000] "GET /allusers HTTP/1.1" 304 - "http://localhost:3000/" "Mozilla/5.0 (X11; Linux x86_64) AppleWebKit/537.36 (KHTML, like Gecko) Chrome/89.0.4389.90 Safari/537.36"
::1 - - [19/Apr/2021:21:46:37 +0000] "GET /allbakers HTTP/1.1" 304 - "http://localhost:3000/" "Mozilla/5.0 (X11; Linux x86_64) AppleWebKit/537.36 (KHTML, like Gecko) Chrome/89.0.4389.90 Safari/537.36"
::1 - - [19/Apr/2021:21:46:37 +0000] "GET /images/2021-04-18T21-27-34.481Z-logo2.png HTTP/1.1" 404 180 "http://localhost:3000/" "Mozilla/5.0 (X11; Linux x86_64) AppleWebKit/537.36 (KHTML, like Gecko) Chrome/89.0.4389.90 Safari/537.36"
::1 - - [19/Apr/2021:21:47:00 +0000] "GET /images/2021-04-18T21-27-33.816Z-chef2.jpg HTTP/1.1" 404 180 "http://localhost:3000/" "Mozilla/5.0 (X11; Linux x86_64) AppleWebKit/537.36 (KHTML, like Gecko) Chrome/89.0.4389.90 Safari/537.36"
::1 - - [19/Apr/2021:21:47:00 +0000] "GET /images/2021-04-18T21-27-34.481Z-logo2.png HTTP/1.1" 404 180 "http://localhost:3000/" "Mozilla/5.0 (X11; Linux x86_64) AppleWebKit/537.36 (KHTML, like Gecko) Chrome/89.0.4389.90 Safari/537.36"
::1 - - [19/Apr/2021:21:47:32 +0000] "OPTIONS /baker/images/607b14477197ed0004c4c5dd HTTP/1.1" 200 3 "http://localhost:3000/" "Mozilla/5.0 (X11; Linux x86_64) AppleWebKit/537.36 (KHTML, like Gecko) Chrome/89.0.4389.90 Safari/537.36"
::1 - - [19/Apr/2021:21:47:32 +0000] "PUT /baker/images/607b14477197ed0004c4c5dd HTTP/1.1" 200 - "http://localhost:3000/" "Mozilla/5.0 (X11; Linux x86_64) AppleWebKit/537.36 (KHTML, like Gecko) Chrome/89.0.4389.90 Safari/537.36"
::1 - - [19/Apr/2021:21:47:32 +0000] "GET /images/2021-04-19T21-47-32.154Z-fig.png HTTP/1.1" 200 4859 "http://localhost:3000/" "Mozilla/5.0 (X11; Linux x86_64) AppleWebKit/537.36 (KHTML, like Gecko) Chrome/89.0.4389.90 Safari/537.36"
::1 - - [19/Apr/2021:21:47:32 +0000] "GET /images/2021-04-19T21-47-32.150Z-chef3.jpg HTTP/1.1" 200 196774 "http://localhost:3000/" "Mozilla/5.0 (X11; Linux x86_64) AppleWebKit/537.36 (KHTML, like Gecko) Chrome/89.0.4389.90 Safari/537.36"
::1 - - [19/Apr/2021:21:47:54 +0000] "GET /undefined HTTP/1.1" 404 148 "http://localhost:3000/" "Mozilla/5.0 (X11; Linux x86_64) AppleWebKit/537.36 (KHTML, like Gecko) Chrome/89.0.4389.90 Safari/537.36"
::1 - - [19/Apr/2021:21:47:54 +0000] "GET /images/2021-04-19T21-46-03.004Z-bds-5.jpg HTTP/1.1" 304 - "http://localhost:3000/" "Mozilla/5.0 (X11; Linux x86_64) AppleWebKit/537.36 (KHTML, like Gecko) Chrome/89.0.4389.90 Safari/537.36"
::1 - - [19/Apr/2021:21:47:54 +0000] "GET /images/2021-04-19T21-45-42.192Z-bds-3.jpg HTTP/1.1" 304 - "http://localhost:3000/" "Mozilla/5.0 (X11; Linux x86_64) AppleWebKit/537.36 (KHTML, like Gecko) Chrome/89.0.4389.90 Safari/537.36"
::1 - - [19/Apr/2021:21:47:54 +0000] "GET /images/2021-04-19T21-45-27.374Z-bds-4.jpg HTTP/1.1" 304 - "http://localhost:3000/" "Mozilla/5.0 (X11; Linux x86_64) AppleWebKit/537.36 (KHTML, like Gecko) Chrome/89.0.4389.90 Safari/537.36"
::1 - - [19/Apr/2021:21:47:54 +0000] "GET /images/2021-04-19T21-45-10.890Z-bds-2.jpg HTTP/1.1" 304 - "http://localhost:3000/" "Mozilla/5.0 (X11; Linux x86_64) AppleWebKit/537.36 (KHTML, like Gecko) Chrome/89.0.4389.90 Safari/537.36"
::1 - - [19/Apr/2021:21:47:54 +0000] "GET /images/2021-04-19T21-44-56.088Z-bds-1.jpg HTTP/1.1" 304 - "http://localhost:3000/" "Mozilla/5.0 (X11; Linux x86_64) AppleWebKit/537.36 (KHTML, like Gecko) Chrome/89.0.4389.90 Safari/537.36"
::1 - - [19/Apr/2021:21:47:54 +0000] "GET /images/2021-04-19T21-44-39.106Z-weds-2.jpg HTTP/1.1" 304 - "http://localhost:3000/" "Mozilla/5.0 (X11; Linux x86_64) AppleWebKit/537.36 (KHTML, like Gecko) Chrome/89.0.4389.90 Safari/537.36"
::1 - - [19/Apr/2021:21:47:54 +0000] "GET /images/2021-04-19T21-44-16.486Z-weds-5.jpg HTTP/1.1" 304 - "http://localhost:3000/" "Mozilla/5.0 (X11; Linux x86_64) AppleWebKit/537.36 (KHTML, like Gecko) Chrome/89.0.4389.90 Safari/537.36"
::1 - - [19/Apr/2021:21:47:54 +0000] "GET /images/2021-04-19T20-45-09.383Z-weds-2.jpg HTTP/1.1" 304 - "http://localhost:3000/" "Mozilla/5.0 (X11; Linux x86_64) AppleWebKit/537.36 (KHTML, like Gecko) Chrome/89.0.4389.90 Safari/537.36"
::1 - - [19/Apr/2021:21:47:54 +0000] "GET /images/2021-04-19T20-45-27.293Z-weds-3.jpg HTTP/1.1" 304 - "http://localhost:3000/" "Mozilla/5.0 (X11; Linux x86_64) AppleWebKit/537.36 (KHTML, like Gecko) Chrome/89.0.4389.90 Safari/537.36"
::1 - - [19/Apr/2021:21:47:54 +0000] "GET /images/2021-04-19T20-43-29.269Z-weds-1.jpg HTTP/1.1" 304 - "http://localhost:3000/" "Mozilla/5.0 (X11; Linux x86_64) AppleWebKit/537.36 (KHTML, like Gecko) Chrome/89.0.4389.90 Safari/537.36"
::1 - - [19/Apr/2021:21:47:54 +0000] "GET /images/2021-04-18T21-30-50.741Z-cookies-5.jpg HTTP/1.1" 404 184 "http://localhost:3000/" "Mozilla/5.0 (X11; Linux x86_64) AppleWebKit/537.36 (KHTML, like Gecko) Chrome/89.0.4389.90 Safari/537.36"
::1 - - [19/Apr/2021:21:47:54 +0000] "GET /images/2021-04-18T21-30-33.759Z-cookies-3.jpg HTTP/1.1" 404 184 "http://localhost:3000/" "Mozilla/5.0 (X11; Linux x86_64) AppleWebKit/537.36 (KHTML, like Gecko) Chrome/89.0.4389.90 Safari/537.36"
::1 - - [19/Apr/2021:21:47:54 +0000] "GET /images/2021-04-18T21-30-15.819Z-cookies-4.jpg HTTP/1.1" 404 184 "http://localhost:3000/" "Mozilla/5.0 (X11; Linux x86_64) AppleWebKit/537.36 (KHTML, like Gecko) Chrome/89.0.4389.90 Safari/537.36"
::1 - - [19/Apr/2021:21:47:54 +0000] "GET /images/2021-04-18T21-29-58.417Z-cookies-2.jpg HTTP/1.1" 404 184 "http://localhost:3000/" "Mozilla/5.0 (X11; Linux x86_64) AppleWebKit/537.36 (KHTML, like Gecko) Chrome/89.0.4389.90 Safari/537.36"
::1 - - [19/Apr/2021:21:47:54 +0000] "GET /images/2021-04-18T21-29-41.418Z-cookies-1.jpg HTTP/1.1" 404 184 "http://localhost:3000/" "Mozilla/5.0 (X11; Linux x86_64) AppleWebKit/537.36 (KHTML, like Gecko) Chrome/89.0.4389.90 Safari/537.36"
::1 - - [19/Apr/2021:21:47:54 +0000] "GET /images/2021-04-18T21-29-23.499Z-don-5.jpg HTTP/1.1" 404 180 "http://localhost:3000/" "Mozilla/5.0 (X11; Linux x86_64) AppleWebKit/537.36 (KHTML, like Gecko) Chrome/89.0.4389.90 Safari/537.36"
::1 - - [19/Apr/2021:21:47:54 +0000] "GET /images/2021-04-18T21-29-05.718Z-don-4.jpg HTTP/1.1" 404 180 "http://localhost:3000/" "Mozilla/5.0 (X11; Linux x86_64) AppleWebKit/537.36 (KHTML, like Gecko) Chrome/89.0.4389.90 Safari/537.36"
::1 - - [19/Apr/2021:21:47:54 +0000] "GET /images/2021-04-18T21-28-45.098Z-don-3.jpg HTTP/1.1" 404 180 "http://localhost:3000/" "Mozilla/5.0 (X11; Linux x86_64) AppleWebKit/537.36 (KHTML, like Gecko) Chrome/89.0.4389.90 Safari/537.36"
::1 - - [19/Apr/2021:21:47:54 +0000] "GET /images/2021-04-18T21-28-27.497Z-don-2.jpg HTTP/1.1" 404 180 "http://localhost:3000/" "Mozilla/5.0 (X11; Linux x86_64) AppleWebKit/537.36 (KHTML, like Gecko) Chrome/89.0.4389.90 Safari/537.36"
::1 - - [19/Apr/2021:21:47:54 +0000] "GET /images/2021-04-18T21-28-06.179Z-don-1.jpg HTTP/1.1" 404 180 "http://localhost:3000/" "Mozilla/5.0 (X11; Linux x86_64) AppleWebKit/537.36 (KHTML, like Gecko) Chrome/89.0.4389.90 Safari/537.36"
::1 - - [19/Apr/2021:21:47:54 +0000] "GET /bakerpastries/607b14477197ed0004c4c5dd?page=1 HTTP/1.1" 200 - "http://localhost:3000/" "Mozilla/5.0 (X11; Linux x86_64) AppleWebKit/537.36 (KHTML, like Gecko) Chrome/89.0.4389.90 Safari/537.36"
::1 - - [19/Apr/2021:21:47:54 +0000] "GET /images/2021-04-18T21-28-06.179Z-don-1.jpg HTTP/1.1" 404 180 "http://localhost:3000/" "Mozilla/5.0 (X11; Linux x86_64) AppleWebKit/537.36 (KHTML, like Gecko) Chrome/89.0.4389.90 Safari/537.36"
::1 - - [19/Apr/2021:21:47:54 +0000] "GET /images/2021-04-18T21-28-27.497Z-don-2.jpg HTTP/1.1" 404 180 "http://localhost:3000/" "Mozilla/5.0 (X11; Linux x86_64) AppleWebKit/537.36 (KHTML, like Gecko) Chrome/89.0.4389.90 Safari/537.36"
::1 - - [19/Apr/2021:21:47:54 +0000] "GET /images/2021-04-18T21-28-45.098Z-don-3.jpg HTTP/1.1" 404 180 "http://localhost:3000/" "Mozilla/5.0 (X11; Linux x86_64) AppleWebKit/537.36 (KHTML, like Gecko) Chrome/89.0.4389.90 Safari/537.36"
::1 - - [19/Apr/2021:21:47:54 +0000] "GET /images/2021-04-18T21-29-05.718Z-don-4.jpg HTTP/1.1" 404 180 "http://localhost:3000/" "Mozilla/5.0 (X11; Linux x86_64) AppleWebKit/537.36 (KHTML, like Gecko) Chrome/89.0.4389.90 Safari/537.36"
::1 - - [19/Apr/2021:21:47:54 +0000] "GET /images/2021-04-18T21-29-23.499Z-don-5.jpg HTTP/1.1" 404 180 "http://localhost:3000/" "Mozilla/5.0 (X11; Linux x86_64) AppleWebKit/537.36 (KHTML, like Gecko) Chrome/89.0.4389.90 Safari/537.36"
::1 - - [19/Apr/2021:21:47:54 +0000] "GET /images/2021-04-18T21-29-41.418Z-cookies-1.jpg HTTP/1.1" 404 184 "http://localhost:3000/" "Mozilla/5.0 (X11; Linux x86_64) AppleWebKit/537.36 (KHTML, like Gecko) Chrome/89.0.4389.90 Safari/537.36"
::1 - - [19/Apr/2021:21:47:54 +0000] "GET /images/2021-04-18T21-29-58.417Z-cookies-2.jpg HTTP/1.1" 404 184 "http://localhost:3000/" "Mozilla/5.0 (X11; Linux x86_64) AppleWebKit/537.36 (KHTML, like Gecko) Chrome/89.0.4389.90 Safari/537.36"
::1 - - [19/Apr/2021:21:47:54 +0000] "GET /images/2021-04-18T21-30-15.819Z-cookies-4.jpg HTTP/1.1" 404 184 "http://localhost:3000/" "Mozilla/5.0 (X11; Linux x86_64) AppleWebKit/537.36 (KHTML, like Gecko) Chrome/89.0.4389.90 Safari/537.36"
::1 - - [19/Apr/2021:21:47:54 +0000] "GET /images/2021-04-18T21-30-33.759Z-cookies-3.jpg HTTP/1.1" 404 184 "http://localhost:3000/" "Mozilla/5.0 (X11; Linux x86_64) AppleWebKit/537.36 (KHTML, like Gecko) Chrome/89.0.4389.90 Safari/537.36"
::1 - - [19/Apr/2021:21:47:54 +0000] "GET /images/2021-04-18T21-30-50.741Z-cookies-5.jpg HTTP/1.1" 404 184 "http://localhost:3000/" "Mozilla/5.0 (X11; Linux x86_64) AppleWebKit/537.36 (KHTML, like Gecko) Chrome/89.0.4389.90 Safari/537.36"
::1 - - [19/Apr/2021:21:47:57 +0000] "GET /images/2021-04-18T21-28-06.179Z-don-1.jpg HTTP/1.1" 404 180 "http://localhost:3000/" "Mozilla/5.0 (X11; Linux x86_64) AppleWebKit/537.36 (KHTML, like Gecko) Chrome/89.0.4389.90 Safari/537.36"
::1 - - [19/Apr/2021:21:48:03 +0000] "GET /bakerpastries/607b14477197ed0004c4c5dd?page=1 HTTP/1.1" 304 - "http://localhost:3000/" "Mozilla/5.0 (X11; Linux x86_64) AppleWebKit/537.36 (KHTML, like Gecko) Chrome/89.0.4389.90 Safari/537.36"
::1 - - [19/Apr/2021:21:48:29 +0000] "OPTIONS /pastry/edit/607b29978792c3000491c59e HTTP/1.1" 200 3 "http://localhost:3000/" "Mozilla/5.0 (X11; Linux x86_64) AppleWebKit/537.36 (KHTML, like Gecko) Chrome/89.0.4389.90 Safari/537.36"
::1 - - [19/Apr/2021:21:48:30 +0000] "PUT /pastry/edit/607b29978792c3000491c59e HTTP/1.1" 201 408 "http://localhost:3000/" "Mozilla/5.0 (X11; Linux x86_64) AppleWebKit/537.36 (KHTML, like Gecko) Chrome/89.0.4389.90 Safari/537.36"
::1 - - [19/Apr/2021:21:48:34 +0000] "GET /bakerpastries/607b14477197ed0004c4c5dd?page=1 HTTP/1.1" 200 - "http://localhost:3000/" "Mozilla/5.0 (X11; Linux x86_64) AppleWebKit/537.36 (KHTML, like Gecko) Chrome/89.0.4389.90 Safari/537.36"
::1 - - [19/Apr/2021:21:48:34 +0000] "GET /images/2021-04-19T21-48-29.947Z-don-1.jpg HTTP/1.1" 200 276748 "http://localhost:3000/" "Mozilla/5.0 (X11; Linux x86_64) AppleWebKit/537.36 (KHTML, like Gecko) Chrome/89.0.4389.90 Safari/537.36"
::1 - - [19/Apr/2021:21:48:37 +0000] "GET /images/2021-04-18T21-28-27.497Z-don-2.jpg HTTP/1.1" 404 180 "http://localhost:3000/" "Mozilla/5.0 (X11; Linux x86_64) AppleWebKit/537.36 (KHTML, like Gecko) Chrome/89.0.4389.90 Safari/537.36"
::1 - - [19/Apr/2021:21:48:40 +0000] "GET /bakerpastries/607b14477197ed0004c4c5dd?page=1 HTTP/1.1" 304 - "http://localhost:3000/" "Mozilla/5.0 (X11; Linux x86_64) AppleWebKit/537.36 (KHTML, like Gecko) Chrome/89.0.4389.90 Safari/537.36"
::1 - - [19/Apr/2021:21:49:03 +0000] "OPTIONS /pastry/edit/607b29028792c3000491c59d HTTP/1.1" 200 3 "http://localhost:3000/" "Mozilla/5.0 (X11; Linux x86_64) AppleWebKit/537.36 (KHTML, like Gecko) Chrome/89.0.4389.90 Safari/537.36"
::1 - - [19/Apr/2021:21:49:04 +0000] "PUT /pastry/edit/607b29028792c3000491c59d HTTP/1.1" 201 407 "http://localhost:3000/" "Mozilla/5.0 (X11; Linux x86_64) AppleWebKit/537.36 (KHTML, like Gecko) Chrome/89.0.4389.90 Safari/537.36"
::1 - - [19/Apr/2021:21:49:08 +0000] "GET /bakerpastries/607b14477197ed0004c4c5dd?page=1 HTTP/1.1" 200 - "http://localhost:3000/" "Mozilla/5.0 (X11; Linux x86_64) AppleWebKit/537.36 (KHTML, like Gecko) Chrome/89.0.4389.90 Safari/537.36"
::1 - - [19/Apr/2021:21:49:08 +0000] "GET /images/2021-04-19T21-49-04.006Z-don-2.jpg HTTP/1.1" 200 407761 "http://localhost:3000/" "Mozilla/5.0 (X11; Linux x86_64) AppleWebKit/537.36 (KHTML, like Gecko) Chrome/89.0.4389.90 Safari/537.36"
::1 - - [19/Apr/2021:21:49:20 +0000] "GET /images/2021-04-18T21-28-45.098Z-don-3.jpg HTTP/1.1" 404 180 "http://localhost:3000/" "Mozilla/5.0 (X11; Linux x86_64) AppleWebKit/537.36 (KHTML, like Gecko) Chrome/89.0.4389.90 Safari/537.36"
::1 - - [19/Apr/2021:21:49:22 +0000] "GET /bakerpastries/607b14477197ed0004c4c5dd?page=1 HTTP/1.1" 304 - "http://localhost:3000/" "Mozilla/5.0 (X11; Linux x86_64) AppleWebKit/537.36 (KHTML, like Gecko) Chrome/89.0.4389.90 Safari/537.36"
::1 - - [19/Apr/2021:21:49:30 +0000] "OPTIONS /pastry/edit/607b28d78792c3000491c59c HTTP/1.1" 200 3 "http://localhost:3000/" "Mozilla/5.0 (X11; Linux x86_64) AppleWebKit/537.36 (KHTML, like Gecko) Chrome/89.0.4389.90 Safari/537.36"
::1 - - [19/Apr/2021:21:49:30 +0000] "PUT /pastry/edit/607b28d78792c3000491c59c HTTP/1.1" 201 409 "http://localhost:3000/" "Mozilla/5.0 (X11; Linux x86_64) AppleWebKit/537.36 (KHTML, like Gecko) Chrome/89.0.4389.90 Safari/537.36"
::1 - - [19/Apr/2021:21:49:34 +0000] "GET /bakerpastries/607b14477197ed0004c4c5dd?page=1 HTTP/1.1" 200 - "http://localhost:3000/" "Mozilla/5.0 (X11; Linux x86_64) AppleWebKit/537.36 (KHTML, like Gecko) Chrome/89.0.4389.90 Safari/537.36"
::1 - - [19/Apr/2021:21:49:34 +0000] "GET /images/2021-04-19T21-49-30.130Z-don-3.jpg HTTP/1.1" 200 306918 "http://localhost:3000/" "Mozilla/5.0 (X11; Linux x86_64) AppleWebKit/537.36 (KHTML, like Gecko) Chrome/89.0.4389.90 Safari/537.36"
::1 - - [19/Apr/2021:21:49:37 +0000] "GET /images/2021-04-18T21-29-05.718Z-don-4.jpg HTTP/1.1" 404 180 "http://localhost:3000/" "Mozilla/5.0 (X11; Linux x86_64) AppleWebKit/537.36 (KHTML, like Gecko) Chrome/89.0.4389.90 Safari/537.36"
::1 - - [19/Apr/2021:21:49:39 +0000] "GET /bakerpastries/607b14477197ed0004c4c5dd?page=1 HTTP/1.1" 304 - "http://localhost:3000/" "Mozilla/5.0 (X11; Linux x86_64) AppleWebKit/537.36 (KHTML, like Gecko) Chrome/89.0.4389.90 Safari/537.36"
::1 - - [19/Apr/2021:21:49:48 +0000] "OPTIONS /pastry/edit/607b27f48792c3000491c59b HTTP/1.1" 200 3 "http://localhost:3000/" "Mozilla/5.0 (X11; Linux x86_64) AppleWebKit/537.36 (KHTML, like Gecko) Chrome/89.0.4389.90 Safari/537.36"
::1 - - [19/Apr/2021:21:49:48 +0000] "PUT /pastry/edit/607b27f48792c3000491c59b HTTP/1.1" 201 414 "http://localhost:3000/" "Mozilla/5.0 (X11; Linux x86_64) AppleWebKit/537.36 (KHTML, like Gecko) Chrome/89.0.4389.90 Safari/537.36"
::1 - - [19/Apr/2021:21:49:52 +0000] "GET /bakerpastries/607b14477197ed0004c4c5dd?page=1 HTTP/1.1" 200 - "http://localhost:3000/" "Mozilla/5.0 (X11; Linux x86_64) AppleWebKit/537.36 (KHTML, like Gecko) Chrome/89.0.4389.90 Safari/537.36"
::1 - - [19/Apr/2021:21:49:52 +0000] "GET /images/2021-04-19T21-49-48.107Z-don-4.jpg HTTP/1.1" 200 333238 "http://localhost:3000/" "Mozilla/5.0 (X11; Linux x86_64) AppleWebKit/537.36 (KHTML, like Gecko) Chrome/89.0.4389.90 Safari/537.36"
::1 - - [19/Apr/2021:21:49:56 +0000] "GET /images/2021-04-18T21-29-23.499Z-don-5.jpg HTTP/1.1" 404 180 "http://localhost:3000/" "Mozilla/5.0 (X11; Linux x86_64) AppleWebKit/537.36 (KHTML, like Gecko) Chrome/89.0.4389.90 Safari/537.36"
::1 - - [19/Apr/2021:21:49:59 +0000] "GET /bakerpastries/607b14477197ed0004c4c5dd?page=1 HTTP/1.1" 304 - "http://localhost:3000/" "Mozilla/5.0 (X11; Linux x86_64) AppleWebKit/537.36 (KHTML, like Gecko) Chrome/89.0.4389.90 Safari/537.36"
::1 - - [19/Apr/2021:21:50:21 +0000] "OPTIONS /pastry/edit/607b27bc8792c3000491c59a HTTP/1.1" 200 3 "http://localhost:3000/" "Mozilla/5.0 (X11; Linux x86_64) AppleWebKit/537.36 (KHTML, like Gecko) Chrome/89.0.4389.90 Safari/537.36"
::1 - - [19/Apr/2021:21:50:21 +0000] "PUT /pastry/edit/607b27bc8792c3000491c59a HTTP/1.1" 201 417 "http://localhost:3000/" "Mozilla/5.0 (X11; Linux x86_64) AppleWebKit/537.36 (KHTML, like Gecko) Chrome/89.0.4389.90 Safari/537.36"
::1 - - [19/Apr/2021:21:50:25 +0000] "GET /bakerpastries/607b14477197ed0004c4c5dd?page=1 HTTP/1.1" 200 - "http://localhost:3000/" "Mozilla/5.0 (X11; Linux x86_64) AppleWebKit/537.36 (KHTML, like Gecko) Chrome/89.0.4389.90 Safari/537.36"
::1 - - [19/Apr/2021:21:50:25 +0000] "GET /images/2021-04-19T21-50-21.094Z-don-5.jpg HTTP/1.1" 200 246165 "http://localhost:3000/" "Mozilla/5.0 (X11; Linux x86_64) AppleWebKit/537.36 (KHTML, like Gecko) Chrome/89.0.4389.90 Safari/537.36"
::1 - - [19/Apr/2021:21:50:28 +0000] "GET /images/2021-04-18T21-29-41.418Z-cookies-1.jpg HTTP/1.1" 404 184 "http://localhost:3000/" "Mozilla/5.0 (X11; Linux x86_64) AppleWebKit/537.36 (KHTML, like Gecko) Chrome/89.0.4389.90 Safari/537.36"
::1 - - [19/Apr/2021:21:50:30 +0000] "GET /bakerpastries/607b14477197ed0004c4c5dd?page=1 HTTP/1.1" 304 - "http://localhost:3000/" "Mozilla/5.0 (X11; Linux x86_64) AppleWebKit/537.36 (KHTML, like Gecko) Chrome/89.0.4389.90 Safari/537.36"
::1 - - [19/Apr/2021:21:51:06 +0000] "OPTIONS /pastry/edit/607b27618792c3000491c599 HTTP/1.1" 200 3 "http://localhost:3000/" "Mozilla/5.0 (X11; Linux x86_64) AppleWebKit/537.36 (KHTML, like Gecko) Chrome/89.0.4389.90 Safari/537.36"
::1 - - [19/Apr/2021:21:51:07 +0000] "PUT /pastry/edit/607b27618792c3000491c599 HTTP/1.1" 201 411 "http://localhost:3000/" "Mozilla/5.0 (X11; Linux x86_64) AppleWebKit/537.36 (KHTML, like Gecko) Chrome/89.0.4389.90 Safari/537.36"
::1 - - [19/Apr/2021:21:51:11 +0000] "GET /bakerpastries/607b14477197ed0004c4c5dd?page=1 HTTP/1.1" 200 - "http://localhost:3000/" "Mozilla/5.0 (X11; Linux x86_64) AppleWebKit/537.36 (KHTML, like Gecko) Chrome/89.0.4389.90 Safari/537.36"
::1 - - [19/Apr/2021:21:51:11 +0000] "GET /images/2021-04-19T21-51-06.816Z-cookies-1.jpg HTTP/1.1" 200 860064 "http://localhost:3000/" "Mozilla/5.0 (X11; Linux x86_64) AppleWebKit/537.36 (KHTML, like Gecko) Chrome/89.0.4389.90 Safari/537.36"
::1 - - [19/Apr/2021:21:51:15 +0000] "GET /images/2021-04-18T21-29-58.417Z-cookies-2.jpg HTTP/1.1" 404 184 "http://localhost:3000/" "Mozilla/5.0 (X11; Linux x86_64) AppleWebKit/537.36 (KHTML, like Gecko) Chrome/89.0.4389.90 Safari/537.36"
::1 - - [19/Apr/2021:21:51:17 +0000] "GET /bakerpastries/607b14477197ed0004c4c5dd?page=1 HTTP/1.1" 304 - "http://localhost:3000/" "Mozilla/5.0 (X11; Linux x86_64) AppleWebKit/537.36 (KHTML, like Gecko) Chrome/89.0.4389.90 Safari/537.36"
::1 - - [19/Apr/2021:21:51:22 +0000] "OPTIONS /pastry/edit/607b27178792c3000491c598 HTTP/1.1" 200 3 "http://localhost:3000/" "Mozilla/5.0 (X11; Linux x86_64) AppleWebKit/537.36 (KHTML, like Gecko) Chrome/89.0.4389.90 Safari/537.36"
::1 - - [19/Apr/2021:21:51:23 +0000] "PUT /pastry/edit/607b27178792c3000491c598 HTTP/1.1" 201 410 "http://localhost:3000/" "Mozilla/5.0 (X11; Linux x86_64) AppleWebKit/537.36 (KHTML, like Gecko) Chrome/89.0.4389.90 Safari/537.36"
::1 - - [19/Apr/2021:21:51:27 +0000] "GET /bakerpastries/607b14477197ed0004c4c5dd?page=1 HTTP/1.1" 200 - "http://localhost:3000/" "Mozilla/5.0 (X11; Linux x86_64) AppleWebKit/537.36 (KHTML, like Gecko) Chrome/89.0.4389.90 Safari/537.36"
::1 - - [19/Apr/2021:21:51:27 +0000] "GET /images/2021-04-19T21-51-22.842Z-cookies-3.jpg HTTP/1.1" 200 371076 "http://localhost:3000/" "Mozilla/5.0 (X11; Linux x86_64) AppleWebKit/537.36 (KHTML, like Gecko) Chrome/89.0.4389.90 Safari/537.36"
::1 - - [19/Apr/2021:21:51:30 +0000] "GET /images/2021-04-18T21-30-15.819Z-cookies-4.jpg HTTP/1.1" 404 184 "http://localhost:3000/" "Mozilla/5.0 (X11; Linux x86_64) AppleWebKit/537.36 (KHTML, like Gecko) Chrome/89.0.4389.90 Safari/537.36"
::1 - - [19/Apr/2021:21:51:33 +0000] "GET /bakerpastries/607b14477197ed0004c4c5dd?page=1 HTTP/1.1" 304 - "http://localhost:3000/" "Mozilla/5.0 (X11; Linux x86_64) AppleWebKit/537.36 (KHTML, like Gecko) Chrome/89.0.4389.90 Safari/537.36"
::1 - - [19/Apr/2021:21:51:43 +0000] "OPTIONS /pastry/edit/607b26b08792c3000491c597 HTTP/1.1" 200 3 "http://localhost:3000/" "Mozilla/5.0 (X11; Linux x86_64) AppleWebKit/537.36 (KHTML, like Gecko) Chrome/89.0.4389.90 Safari/537.36"
::1 - - [19/Apr/2021:21:51:44 +0000] "PUT /pastry/edit/607b26b08792c3000491c597 HTTP/1.1" 201 415 "http://localhost:3000/" "Mozilla/5.0 (X11; Linux x86_64) AppleWebKit/537.36 (KHTML, like Gecko) Chrome/89.0.4389.90 Safari/537.36"
::1 - - [19/Apr/2021:21:51:48 +0000] "GET /bakerpastries/607b14477197ed0004c4c5dd?page=1 HTTP/1.1" 200 - "http://localhost:3000/" "Mozilla/5.0 (X11; Linux x86_64) AppleWebKit/537.36 (KHTML, like Gecko) Chrome/89.0.4389.90 Safari/537.36"
::1 - - [19/Apr/2021:21:51:48 +0000] "GET /images/2021-04-19T21-51-43.786Z-cookies-2.jpg HTTP/1.1" 200 1067579 "http://localhost:3000/" "Mozilla/5.0 (X11; Linux x86_64) AppleWebKit/537.36 (KHTML, like Gecko) Chrome/89.0.4389.90 Safari/537.36"
::1 - - [19/Apr/2021:21:51:50 +0000] "GET /images/2021-04-18T21-30-33.759Z-cookies-3.jpg HTTP/1.1" 404 184 "http://localhost:3000/" "Mozilla/5.0 (X11; Linux x86_64) AppleWebKit/537.36 (KHTML, like Gecko) Chrome/89.0.4389.90 Safari/537.36"
::1 - - [19/Apr/2021:21:51:52 +0000] "GET /bakerpastries/607b14477197ed0004c4c5dd?page=1 HTTP/1.1" 304 - "http://localhost:3000/" "Mozilla/5.0 (X11; Linux x86_64) AppleWebKit/537.36 (KHTML, like Gecko) Chrome/89.0.4389.90 Safari/537.36"
::1 - - [19/Apr/2021:21:52:02 +0000] "OPTIONS /pastry/edit/607b26508792c3000491c596 HTTP/1.1" 200 3 "http://localhost:3000/" "Mozilla/5.0 (X11; Linux x86_64) AppleWebKit/537.36 (KHTML, like Gecko) Chrome/89.0.4389.90 Safari/537.36"
::1 - - [19/Apr/2021:21:52:03 +0000] "PUT /pastry/edit/607b26508792c3000491c596 HTTP/1.1" 201 408 "http://localhost:3000/" "Mozilla/5.0 (X11; Linux x86_64) AppleWebKit/537.36 (KHTML, like Gecko) Chrome/89.0.4389.90 Safari/537.36"
::1 - - [19/Apr/2021:21:52:06 +0000] "GET /bakerpastries/607b14477197ed0004c4c5dd?page=1 HTTP/1.1" 200 - "http://localhost:3000/" "Mozilla/5.0 (X11; Linux x86_64) AppleWebKit/537.36 (KHTML, like Gecko) Chrome/89.0.4389.90 Safari/537.36"
::1 - - [19/Apr/2021:21:52:06 +0000] "GET /images/2021-04-19T21-52-02.374Z-cookies-4.jpg HTTP/1.1" 200 500192 "http://localhost:3000/" "Mozilla/5.0 (X11; Linux x86_64) AppleWebKit/537.36 (KHTML, like Gecko) Chrome/89.0.4389.90 Safari/537.36"
::1 - - [19/Apr/2021:21:52:11 +0000] "GET /images/2021-04-18T21-30-50.741Z-cookies-5.jpg HTTP/1.1" 404 184 "http://localhost:3000/" "Mozilla/5.0 (X11; Linux x86_64) AppleWebKit/537.36 (KHTML, like Gecko) Chrome/89.0.4389.90 Safari/537.36"
::1 - - [19/Apr/2021:21:52:14 +0000] "GET /bakerpastries/607b14477197ed0004c4c5dd?page=1 HTTP/1.1" 304 - "http://localhost:3000/" "Mozilla/5.0 (X11; Linux x86_64) AppleWebKit/537.36 (KHTML, like Gecko) Chrome/89.0.4389.90 Safari/537.36"
::1 - - [19/Apr/2021:21:52:26 +0000] "OPTIONS /pastry/edit/607b25f98792c3000491c595 HTTP/1.1" 200 3 "http://localhost:3000/" "Mozilla/5.0 (X11; Linux x86_64) AppleWebKit/537.36 (KHTML, like Gecko) Chrome/89.0.4389.90 Safari/537.36"
::1 - - [19/Apr/2021:21:52:27 +0000] "PUT /pastry/edit/607b25f98792c3000491c595 HTTP/1.1" 201 407 "http://localhost:3000/" "Mozilla/5.0 (X11; Linux x86_64) AppleWebKit/537.36 (KHTML, like Gecko) Chrome/89.0.4389.90 Safari/537.36"
::1 - - [19/Apr/2021:21:52:31 +0000] "GET /bakerpastries/607b14477197ed0004c4c5dd?page=1 HTTP/1.1" 200 - "http://localhost:3000/" "Mozilla/5.0 (X11; Linux x86_64) AppleWebKit/537.36 (KHTML, like Gecko) Chrome/89.0.4389.90 Safari/537.36"
::1 - - [19/Apr/2021:21:52:31 +0000] "GET /images/2021-04-19T21-52-26.879Z-cookies-5.jpg HTTP/1.1" 200 374329 "http://localhost:3000/" "Mozilla/5.0 (X11; Linux x86_64) AppleWebKit/537.36 (KHTML, like Gecko) Chrome/89.0.4389.90 Safari/537.36"
